<?xml version="1.0" encoding="UTF-8" ?>
<testsuite errors="1" failures="0" hostname="DESKTOP-CF7BTS3" name="AreaTest" skipped="0" tests="10" time="0.057" timestamp="2021-04-17T18:00:18">
  <properties>
[...]
</properties>
  <testcase classname="AreaTest" name="quadrantMissXTest" time="0.005">
    <error type="java.lang.NullPointerException">java.lang.NullPointerException
	at main.Result.checkTheArea(Unknown Source)
	at AreaTest.quadrantMissXTest(Unknown Source)
</error>
  </testcase>
  <testcase classname="AreaTest" name="rectangularHitTest" time="0.001" />
  <testcase classname="AreaTest" name="rectangularMissRightPartTest" time="0.0" />
  <testcase classname="AreaTest" name="rectangularMissLeftPartTest" time="0.007" />
  <testcase classname="AreaTest" name="nullMaxRValueTest" time="0.0" />
  <testcase classname="AreaTest" name="nullMinusYValueTest" time="0.0" />
  <testcase classname="AreaTest" name="nullMinusXValueTest" time="0.0" />
  <testcase classname="AreaTest" name="nullPlusYValueTest" time="0.0" />
  <testcase classname="AreaTest" name="nullPlusXValueTest" time="0.0" />
  <testcase classname="AreaTest" name="nullMinRValueTest" time="0.0" />
  <system-out><![CDATA[-2.0  -3.0  false
-2.0  -2.9  false
-2.0  -2.8  false
-2.0  -2.6999999999999997  false
-2.0  -2.5999999999999996  false
-2.0  -2.4999999999999996  false
-2.0  -2.3999999999999995  false
-2.0  -2.2999999999999994  false
-2.0  -2.1999999999999993  false
-2.0  -2.099999999999999  false
-2.0  -1.9999999999999991  false
-2.0  -1.899999999999999  false
-2.0  -1.799999999999999  false
-2.0  -1.6999999999999988  false
-2.0  -1.5999999999999988  false
-2.0  -1.4999999999999987  false
-2.0  -1.3999999999999986  false
-2.0  -1.2999999999999985  false
-2.0  -1.1999999999999984  false
-2.0  -1.0999999999999983  false
-1.9  -3.0  false
-1.9  -2.9  false
-1.9  -2.8  false
-1.9  -2.6999999999999997  false
-1.9  -2.5999999999999996  false
-1.9  -2.4999999999999996  false
-1.9  -2.3999999999999995  false
-1.9  -2.2999999999999994  false
-1.9  -2.1999999999999993  false
-1.9  -2.099999999999999  false
-1.9  -1.9999999999999991  false
-1.9  -1.899999999999999  false
-1.9  -1.799999999999999  false
-1.9  -1.6999999999999988  false
-1.9  -1.5999999999999988  false
-1.9  -1.4999999999999987  false
-1.9  -1.3999999999999986  false
-1.9  -1.2999999999999985  false
-1.9  -1.1999999999999984  false
-1.9  -1.0999999999999983  false
-1.7999999999999998  -3.0  false
-1.7999999999999998  -2.9  false
-1.7999999999999998  -2.8  false
-1.7999999999999998  -2.6999999999999997  false
-1.7999999999999998  -2.5999999999999996  false
-1.7999999999999998  -2.4999999999999996  false
-1.7999999999999998  -2.3999999999999995  false
-1.7999999999999998  -2.2999999999999994  false
-1.7999999999999998  -2.1999999999999993  false
-1.7999999999999998  -2.099999999999999  false
-1.7999999999999998  -1.9999999999999991  false
-1.7999999999999998  -1.899999999999999  false
-1.7999999999999998  -1.799999999999999  false
-1.7999999999999998  -1.6999999999999988  false
-1.7999999999999998  -1.5999999999999988  false
-1.7999999999999998  -1.4999999999999987  false
-1.7999999999999998  -1.3999999999999986  false
-1.7999999999999998  -1.2999999999999985  false
-1.7999999999999998  -1.1999999999999984  false
-1.7999999999999998  -1.0999999999999983  false
-1.6999999999999997  -3.0  false
-1.6999999999999997  -2.9  false
-1.6999999999999997  -2.8  false
-1.6999999999999997  -2.6999999999999997  false
-1.6999999999999997  -2.5999999999999996  false
-1.6999999999999997  -2.4999999999999996  false
-1.6999999999999997  -2.3999999999999995  false
-1.6999999999999997  -2.2999999999999994  false
-1.6999999999999997  -2.1999999999999993  false
-1.6999999999999997  -2.099999999999999  false
-1.6999999999999997  -1.9999999999999991  false
-1.6999999999999997  -1.899999999999999  false
-1.6999999999999997  -1.799999999999999  false
-1.6999999999999997  -1.6999999999999988  false
-1.6999999999999997  -1.5999999999999988  false
-1.6999999999999997  -1.4999999999999987  false
-1.6999999999999997  -1.3999999999999986  false
-1.6999999999999997  -1.2999999999999985  false
-1.6999999999999997  -1.1999999999999984  false
-1.6999999999999997  -1.0999999999999983  false
-1.5999999999999996  -3.0  false
-1.5999999999999996  -2.9  false
-1.5999999999999996  -2.8  false
-1.5999999999999996  -2.6999999999999997  false
-1.5999999999999996  -2.5999999999999996  false
-1.5999999999999996  -2.4999999999999996  false
-1.5999999999999996  -2.3999999999999995  false
-1.5999999999999996  -2.2999999999999994  false
-1.5999999999999996  -2.1999999999999993  false
-1.5999999999999996  -2.099999999999999  false
-1.5999999999999996  -1.9999999999999991  false
-1.5999999999999996  -1.899999999999999  false
-1.5999999999999996  -1.799999999999999  false
-1.5999999999999996  -1.6999999999999988  false
-1.5999999999999996  -1.5999999999999988  false
-1.5999999999999996  -1.4999999999999987  false
-1.5999999999999996  -1.3999999999999986  false
-1.5999999999999996  -1.2999999999999985  false
-1.5999999999999996  -1.1999999999999984  false
-1.5999999999999996  -1.0999999999999983  false
-1.4999999999999996  -3.0  false
-1.4999999999999996  -2.9  false
-1.4999999999999996  -2.8  false
-1.4999999999999996  -2.6999999999999997  false
-1.4999999999999996  -2.5999999999999996  false
-1.4999999999999996  -2.4999999999999996  false
-1.4999999999999996  -2.3999999999999995  false
-1.4999999999999996  -2.2999999999999994  false
-1.4999999999999996  -2.1999999999999993  false
-1.4999999999999996  -2.099999999999999  false
-1.4999999999999996  -1.9999999999999991  false
-1.4999999999999996  -1.899999999999999  false
-1.4999999999999996  -1.799999999999999  false
-1.4999999999999996  -1.6999999999999988  false
-1.4999999999999996  -1.5999999999999988  false
-1.4999999999999996  -1.4999999999999987  false
-1.4999999999999996  -1.3999999999999986  false
-1.4999999999999996  -1.2999999999999985  false
-1.4999999999999996  -1.1999999999999984  false
-1.4999999999999996  -1.0999999999999983  false
-1.3999999999999995  -3.0  false
-1.3999999999999995  -2.9  false
-1.3999999999999995  -2.8  false
-1.3999999999999995  -2.6999999999999997  false
-1.3999999999999995  -2.5999999999999996  false
-1.3999999999999995  -2.4999999999999996  false
-1.3999999999999995  -2.3999999999999995  false
-1.3999999999999995  -2.2999999999999994  false
-1.3999999999999995  -2.1999999999999993  false
-1.3999999999999995  -2.099999999999999  false
-1.3999999999999995  -1.9999999999999991  false
-1.3999999999999995  -1.899999999999999  false
-1.3999999999999995  -1.799999999999999  false
-1.3999999999999995  -1.6999999999999988  false
-1.3999999999999995  -1.5999999999999988  false
-1.3999999999999995  -1.4999999999999987  false
-1.3999999999999995  -1.3999999999999986  false
-1.3999999999999995  -1.2999999999999985  false
-1.3999999999999995  -1.1999999999999984  false
-1.3999999999999995  -1.0999999999999983  false
-1.2999999999999994  -3.0  false
-1.2999999999999994  -2.9  false
-1.2999999999999994  -2.8  false
-1.2999999999999994  -2.6999999999999997  false
-1.2999999999999994  -2.5999999999999996  false
-1.2999999999999994  -2.4999999999999996  false
-1.2999999999999994  -2.3999999999999995  false
-1.2999999999999994  -2.2999999999999994  false
-1.2999999999999994  -2.1999999999999993  false
-1.2999999999999994  -2.099999999999999  false
-1.2999999999999994  -1.9999999999999991  false
-1.2999999999999994  -1.899999999999999  false
-1.2999999999999994  -1.799999999999999  false
-1.2999999999999994  -1.6999999999999988  false
-1.2999999999999994  -1.5999999999999988  false
-1.2999999999999994  -1.4999999999999987  false
-1.2999999999999994  -1.3999999999999986  false
-1.2999999999999994  -1.2999999999999985  false
-1.2999999999999994  -1.1999999999999984  false
-1.2999999999999994  -1.0999999999999983  false
-1.1999999999999993  -3.0  false
-1.1999999999999993  -2.9  false
-1.1999999999999993  -2.8  false
-1.1999999999999993  -2.6999999999999997  false
-1.1999999999999993  -2.5999999999999996  false
-1.1999999999999993  -2.4999999999999996  false
-1.1999999999999993  -2.3999999999999995  false
-1.1999999999999993  -2.2999999999999994  false
-1.1999999999999993  -2.1999999999999993  false
-1.1999999999999993  -2.099999999999999  false
-1.1999999999999993  -1.9999999999999991  false
-1.1999999999999993  -1.899999999999999  false
-1.1999999999999993  -1.799999999999999  false
-1.1999999999999993  -1.6999999999999988  false
-1.1999999999999993  -1.5999999999999988  false
-1.1999999999999993  -1.4999999999999987  false
-1.1999999999999993  -1.3999999999999986  false
-1.1999999999999993  -1.2999999999999985  false
-1.1999999999999993  -1.1999999999999984  false
-1.1999999999999993  -1.0999999999999983  false
-1.0999999999999992  -3.0  false
-1.0999999999999992  -2.9  false
-1.0999999999999992  -2.8  false
-1.0999999999999992  -2.6999999999999997  false
-1.0999999999999992  -2.5999999999999996  false
-1.0999999999999992  -2.4999999999999996  false
-1.0999999999999992  -2.3999999999999995  false
-1.0999999999999992  -2.2999999999999994  false
-1.0999999999999992  -2.1999999999999993  false
-1.0999999999999992  -2.099999999999999  false
-1.0999999999999992  -1.9999999999999991  false
-1.0999999999999992  -1.899999999999999  false
-1.0999999999999992  -1.799999999999999  false
-1.0999999999999992  -1.6999999999999988  false
-1.0999999999999992  -1.5999999999999988  false
-1.0999999999999992  -1.4999999999999987  false
-1.0999999999999992  -1.3999999999999986  false
-1.0999999999999992  -1.2999999999999985  false
-1.0999999999999992  -1.1999999999999984  false
-1.0999999999999992  -1.0999999999999983  false
-0.9999999999999992  -3.0  false
-0.9999999999999992  -2.9  false
-0.9999999999999992  -2.8  false
-0.9999999999999992  -2.6999999999999997  false
-0.9999999999999992  -2.5999999999999996  false
-0.9999999999999992  -2.4999999999999996  false
-0.9999999999999992  -2.3999999999999995  false
-0.9999999999999992  -2.2999999999999994  false
-0.9999999999999992  -2.1999999999999993  false
-0.9999999999999992  -2.099999999999999  false
-0.9999999999999992  -1.9999999999999991  false
-0.9999999999999992  -1.899999999999999  false
-0.9999999999999992  -1.799999999999999  false
-0.9999999999999992  -1.6999999999999988  false
-0.9999999999999992  -1.5999999999999988  false
-0.9999999999999992  -1.4999999999999987  false
-0.9999999999999992  -1.3999999999999986  false
-0.9999999999999992  -1.2999999999999985  false
-0.9999999999999992  -1.1999999999999984  false
-0.9999999999999992  -1.0999999999999983  false
-0.8999999999999992  -3.0  false
-0.8999999999999992  -2.9  false
-0.8999999999999992  -2.8  false
-0.8999999999999992  -2.6999999999999997  false
-0.8999999999999992  -2.5999999999999996  false
-0.8999999999999992  -2.4999999999999996  false
-0.8999999999999992  -2.3999999999999995  false
-0.8999999999999992  -2.2999999999999994  false
-0.8999999999999992  -2.1999999999999993  false
-0.8999999999999992  -2.099999999999999  false
-0.8999999999999992  -1.9999999999999991  false
-0.8999999999999992  -1.899999999999999  false
-0.8999999999999992  -1.799999999999999  false
-0.8999999999999992  -1.6999999999999988  false
-0.8999999999999992  -1.5999999999999988  false
-0.8999999999999992  -1.4999999999999987  false
-0.8999999999999992  -1.3999999999999986  false
-0.8999999999999992  -1.2999999999999985  false
-0.8999999999999992  -1.1999999999999984  false
-0.8999999999999992  -1.0999999999999983  false
-0.7999999999999993  -3.0  false
-0.7999999999999993  -2.9  false
-0.7999999999999993  -2.8  false
-0.7999999999999993  -2.6999999999999997  false
-0.7999999999999993  -2.5999999999999996  false
-0.7999999999999993  -2.4999999999999996  false
-0.7999999999999993  -2.3999999999999995  false
-0.7999999999999993  -2.2999999999999994  false
-0.7999999999999993  -2.1999999999999993  false
-0.7999999999999993  -2.099999999999999  false
-0.7999999999999993  -1.9999999999999991  false
-0.7999999999999993  -1.899999999999999  false
-0.7999999999999993  -1.799999999999999  false
-0.7999999999999993  -1.6999999999999988  false
-0.7999999999999993  -1.5999999999999988  false
-0.7999999999999993  -1.4999999999999987  false
-0.7999999999999993  -1.3999999999999986  false
-0.7999999999999993  -1.2999999999999985  false
-0.7999999999999993  -1.1999999999999984  false
-0.7999999999999993  -1.0999999999999983  false
-0.6999999999999993  -3.0  false
-0.6999999999999993  -2.9  false
-0.6999999999999993  -2.8  false
-0.6999999999999993  -2.6999999999999997  false
-0.6999999999999993  -2.5999999999999996  false
-0.6999999999999993  -2.4999999999999996  false
-0.6999999999999993  -2.3999999999999995  false
-0.6999999999999993  -2.2999999999999994  false
-0.6999999999999993  -2.1999999999999993  false
-0.6999999999999993  -2.099999999999999  false
-0.6999999999999993  -1.9999999999999991  false
-0.6999999999999993  -1.899999999999999  false
-0.6999999999999993  -1.799999999999999  false
-0.6999999999999993  -1.6999999999999988  false
-0.6999999999999993  -1.5999999999999988  false
-0.6999999999999993  -1.4999999999999987  false
-0.6999999999999993  -1.3999999999999986  false
-0.6999999999999993  -1.2999999999999985  false
-0.6999999999999993  -1.1999999999999984  false
-0.6999999999999993  -1.0999999999999983  false
-0.5999999999999993  -3.0  false
-0.5999999999999993  -2.9  false
-0.5999999999999993  -2.8  false
-0.5999999999999993  -2.6999999999999997  false
-0.5999999999999993  -2.5999999999999996  false
-0.5999999999999993  -2.4999999999999996  false
-0.5999999999999993  -2.3999999999999995  false
-0.5999999999999993  -2.2999999999999994  false
-0.5999999999999993  -2.1999999999999993  false
-0.5999999999999993  -2.099999999999999  false
-0.5999999999999993  -1.9999999999999991  false
-0.5999999999999993  -1.899999999999999  false
-0.5999999999999993  -1.799999999999999  false
-0.5999999999999993  -1.6999999999999988  false
-0.5999999999999993  -1.5999999999999988  false
-0.5999999999999993  -1.4999999999999987  false
-0.5999999999999993  -1.3999999999999986  false
-0.5999999999999993  -1.2999999999999985  false
-0.5999999999999993  -1.1999999999999984  false
-0.5999999999999993  -1.0999999999999983  false
-0.49999999999999933  -3.0  false
-0.49999999999999933  -2.9  false
-0.49999999999999933  -2.8  false
-0.49999999999999933  -2.6999999999999997  false
-0.49999999999999933  -2.5999999999999996  false
-0.49999999999999933  -2.4999999999999996  false
-0.49999999999999933  -2.3999999999999995  false
-0.49999999999999933  -2.2999999999999994  false
-0.49999999999999933  -2.1999999999999993  false
-0.49999999999999933  -2.099999999999999  false
-0.49999999999999933  -1.9999999999999991  false
-0.49999999999999933  -1.899999999999999  false
-0.49999999999999933  -1.799999999999999  false
-0.49999999999999933  -1.6999999999999988  false
-0.49999999999999933  -1.5999999999999988  false
-0.49999999999999933  -1.4999999999999987  false
-0.49999999999999933  -1.3999999999999986  false
-0.49999999999999933  -1.2999999999999985  false
-0.49999999999999933  -1.1999999999999984  false
-0.49999999999999933  -1.0999999999999983  false
-0.39999999999999936  -3.0  false
-0.39999999999999936  -2.9  false
-0.39999999999999936  -2.8  false
-0.39999999999999936  -2.6999999999999997  false
-0.39999999999999936  -2.5999999999999996  false
-0.39999999999999936  -2.4999999999999996  false
-0.39999999999999936  -2.3999999999999995  false
-0.39999999999999936  -2.2999999999999994  false
-0.39999999999999936  -2.1999999999999993  false
-0.39999999999999936  -2.099999999999999  false
-0.39999999999999936  -1.9999999999999991  false
-0.39999999999999936  -1.899999999999999  false
-0.39999999999999936  -1.799999999999999  false
-0.39999999999999936  -1.6999999999999988  false
-0.39999999999999936  -1.5999999999999988  false
-0.39999999999999936  -1.4999999999999987  false
-0.39999999999999936  -1.3999999999999986  false
-0.39999999999999936  -1.2999999999999985  false
-0.39999999999999936  -1.1999999999999984  false
-0.39999999999999936  -1.0999999999999983  false
-0.2999999999999994  -3.0  false
-0.2999999999999994  -2.9  false
-0.2999999999999994  -2.8  false
-0.2999999999999994  -2.6999999999999997  false
-0.2999999999999994  -2.5999999999999996  false
-0.2999999999999994  -2.4999999999999996  false
-0.2999999999999994  -2.3999999999999995  false
-0.2999999999999994  -2.2999999999999994  false
-0.2999999999999994  -2.1999999999999993  false
-0.2999999999999994  -2.099999999999999  false
-0.2999999999999994  -1.9999999999999991  false
-0.2999999999999994  -1.899999999999999  false
-0.2999999999999994  -1.799999999999999  false
-0.2999999999999994  -1.6999999999999988  false
-0.2999999999999994  -1.5999999999999988  false
-0.2999999999999994  -1.4999999999999987  false
-0.2999999999999994  -1.3999999999999986  false
-0.2999999999999994  -1.2999999999999985  false
-0.2999999999999994  -1.1999999999999984  false
-0.2999999999999994  -1.0999999999999983  false
-0.19999999999999937  -3.0  false
-0.19999999999999937  -2.9  false
-0.19999999999999937  -2.8  false
-0.19999999999999937  -2.6999999999999997  false
-0.19999999999999937  -2.5999999999999996  false
-0.19999999999999937  -2.4999999999999996  false
-0.19999999999999937  -2.3999999999999995  false
-0.19999999999999937  -2.2999999999999994  false
-0.19999999999999937  -2.1999999999999993  false
-0.19999999999999937  -2.099999999999999  false
-0.19999999999999937  -1.9999999999999991  false
-0.19999999999999937  -1.899999999999999  false
-0.19999999999999937  -1.799999999999999  false
-0.19999999999999937  -1.6999999999999988  false
-0.19999999999999937  -1.5999999999999988  false
-0.19999999999999937  -1.4999999999999987  false
-0.19999999999999937  -1.3999999999999986  false
-0.19999999999999937  -1.2999999999999985  false
-0.19999999999999937  -1.1999999999999984  false
-0.19999999999999937  -1.0999999999999983  false
-0.09999999999999937  -3.0  false
-0.09999999999999937  -2.9  false
-0.09999999999999937  -2.8  false
-0.09999999999999937  -2.6999999999999997  false
-0.09999999999999937  -2.5999999999999996  false
-0.09999999999999937  -2.4999999999999996  false
-0.09999999999999937  -2.3999999999999995  false
-0.09999999999999937  -2.2999999999999994  false
-0.09999999999999937  -2.1999999999999993  false
-0.09999999999999937  -2.099999999999999  false
-0.09999999999999937  -1.9999999999999991  false
-0.09999999999999937  -1.899999999999999  false
-0.09999999999999937  -1.799999999999999  false
-0.09999999999999937  -1.6999999999999988  false
-0.09999999999999937  -1.5999999999999988  false
-0.09999999999999937  -1.4999999999999987  false
-0.09999999999999937  -1.3999999999999986  false
-0.09999999999999937  -1.2999999999999985  false
-0.09999999999999937  -1.1999999999999984  false
-0.09999999999999937  -1.0999999999999983  false
]]></system-out>
  <system-err><![CDATA[]]></system-err>
</testsuite>
