<?xml version="1.0" encoding="UTF-8" ?>
<testsuite errors="0" failures="0" hostname="YANK0VY3RDNA-LAPTOP" name="AreaTest" skipped="0" tests="14" time="0.225" timestamp="2021-04-20T11:55:32">
  <properties>
[...]
</properties>
  <testcase classname="AreaTest" name="quadrantHitTest" time="0.002" />
  <testcase classname="AreaTest" name="rectangularHitTest" time="0.001" />
  <testcase classname="AreaTest" name="rectangularMissRightPartTest" time="0.001" />
  <testcase classname="AreaTest" name="rectangularMissLeftPartTest" time="0.001" />
  <testcase classname="AreaTest" name="triangleMissTest" time="0.001" />
  <testcase classname="AreaTest" name="emptyAreaHitTest" time="0.001" />
  <testcase classname="AreaTest" name="nullMaxRValueTest" time="0.001" />
  <testcase classname="AreaTest" name="quadrantMissTest" time="0.0" />
  <testcase classname="AreaTest" name="nullMinusYValueTest" time="0.0" />
  <testcase classname="AreaTest" name="nullMinusXValueTest" time="0.0" />
  <testcase classname="AreaTest" name="nullPlusYValueTest" time="0.0" />
  <testcase classname="AreaTest" name="nullPlusXValueTest" time="0.001" />
  <testcase classname="AreaTest" name="nullMinRValueTest" time="0.0" />
  <testcase classname="AreaTest" name="triangleHitTest" time="0.0" />
  <system-out><![CDATA[]]></system-out>
  <system-err><![CDATA[]]></system-err>
</testsuite>
